<?xml version="1.0" encoding="UTF-8"?>
<!-- Generated by org.testng.reporters.JUnitReportReporter -->
<testsuite skipped="0" hostname="ISIPL-PUNV-L384" name="testcases.FindCarTest" tests="4" failures="0" timestamp="19 Sep 2022 14:46:06 GMT" time="46.318" errors="0">
  <testcase name="findCarTest" time="11.148" classname="testcases.FindCarTest"/>
  <testcase name="findCarTest" time="12.693" classname="testcases.FindCarTest"/>
  <testcase name="findCarTest" time="11.415" classname="testcases.FindCarTest"/>
  <testcase name="findCarTest" time="11.062" classname="testcases.FindCarTest"/>
</testsuite> <!-- testcases.FindCarTest -->
