<?xml version="1.0" encoding="UTF-8"?>
<!-- Generated by org.testng.reporters.JUnitReportReporter -->
<testsuite skipped="6" hostname="ISIPL-PUNV-L384" name="testcases.SanityTest" tests="7" failures="0" timestamp="22 Sep 2022 15:05:55 GMT" time="50.476" errors="0">
  <testcase name="sanityTest" time="2.008" classname="testcases.SanityTest">
    <skipped/>
  </testcase> <!-- sanityTest -->
  <testcase name="sanityTest" time="2.008" classname="testcases.SanityTest">
    <skipped/>
  </testcase> <!-- sanityTest -->
  <testcase name="sanityTest" time="2.011" classname="testcases.SanityTest">
    <skipped/>
  </testcase> <!-- sanityTest -->
  <testcase name="sanityTest" time="2.692" classname="testcases.SanityTest">
    <skipped/>
  </testcase> <!-- sanityTest -->
  <testcase name="sanityTest" time="37.730" classname="testcases.SanityTest"/>
  <testcase name="sanityTest" time="2.016" classname="testcases.SanityTest">
    <skipped/>
  </testcase> <!-- sanityTest -->
  <testcase name="sanityTest" time="2.011" classname="testcases.SanityTest">
    <skipped/>
  </testcase> <!-- sanityTest -->
</testsuite> <!-- testcases.SanityTest -->
