<?xml version="1.0" encoding="UTF-8"?>
<!-- Generated by org.testng.reporters.JUnitReportReporter -->
<testsuite skipped="1" hostname="ISIPL-PUNV-L384" name="testcases.LoginTest" tests="1" failures="0" timestamp="22 Sep 2022 08:13:34 GMT" time="0.000" errors="0">
  <testcase name="sanityTest" time="0.000" classname="testcases.LoginTest">
    <skipped/>
  </testcase> <!-- sanityTest -->
</testsuite> <!-- testcases.LoginTest -->
